\BOOKMARK [2][-]{section*.2}{\376\377\000O\000v\000e\000r\000v\000i\000e\000w}{}% 1
\BOOKMARK [2][-]{section*.3}{\376\377\000L\000o\000a\000d\000\040\000p\000a\000c\000k\000a\000g\000e\000s}{}% 2
\BOOKMARK [2][-]{section*.4}{\376\377\000P\000r\000o\000b\000l\000e\000m\000\040\0001}{}% 3
\BOOKMARK [3][-]{section*.5}{\376\377\0001\000a\000\051}{section*.4}% 4
\BOOKMARK [3][-]{section*.8}{\376\377\0001\000b\000\051}{section*.4}% 5
\BOOKMARK [3][-]{section*.11}{\376\377\0001\000c\000\051}{section*.4}% 6
\BOOKMARK [3][-]{section*.14}{\376\377\0001\000d\000\051}{section*.4}% 7
\BOOKMARK [3][-]{section*.17}{\376\377\0001\000e\000\051}{section*.4}% 8
\BOOKMARK [3][-]{section*.20}{\376\377\0001\000f\000\051}{section*.4}% 9
\BOOKMARK [3][-]{section*.23}{\376\377\0001\000g\000\051}{section*.4}% 10
\BOOKMARK [2][-]{section*.26}{\376\377\000P\000r\000o\000b\000l\000e\000m\000\040\0002}{}% 11
\BOOKMARK [3][-]{section*.27}{\376\377\0002\000a\000\051}{section*.26}% 12
\BOOKMARK [3][-]{section*.30}{\376\377\0002\000b\000\051}{section*.26}% 13
\BOOKMARK [3][-]{section*.33}{\376\377\0002\000c\000\051}{section*.26}% 14
\BOOKMARK [3][-]{section*.36}{\376\377\0002\000d\000\051}{section*.26}% 15
\BOOKMARK [3][-]{section*.39}{\376\377\0002\000e\000\051}{section*.26}% 16
\BOOKMARK [3][-]{section*.42}{\376\377\0002\000f\000\051}{section*.26}% 17
\BOOKMARK [3][-]{section*.45}{\376\377\0002\000g\000\051}{section*.26}% 18
\BOOKMARK [2][-]{section*.48}{\376\377\000P\000r\000o\000b\000l\000e\000m\000\040\0003}{}% 19
\BOOKMARK [3][-]{section*.49}{\376\377\0003\000a\000\051}{section*.48}% 20
\BOOKMARK [3][-]{section*.52}{\376\377\0003\000b\000\051}{section*.48}% 21
\BOOKMARK [3][-]{section*.55}{\376\377\0003\000c\000\051}{section*.48}% 22
\BOOKMARK [3][-]{section*.58}{\376\377\0003\000d\000\051}{section*.48}% 23
\BOOKMARK [3][-]{section*.61}{\376\377\0003\000e\000\051}{section*.48}% 24
\BOOKMARK [3][-]{section*.64}{\376\377\0003\000f\000\051}{section*.48}% 25
\BOOKMARK [3][-]{section*.67}{\376\377\0003\000g\000\051}{section*.48}% 26
\BOOKMARK [3][-]{section*.70}{\376\377\0003\000h\000\051}{section*.48}% 27
\BOOKMARK [2][-]{section*.73}{\376\377\000P\000r\000o\000b\000l\000e\000m\000\040\0004}{}% 28
\BOOKMARK [3][-]{section*.74}{\376\377\0004\000a\000\051}{section*.73}% 29
\BOOKMARK [3][-]{section*.77}{\376\377\0004\000b\000\051}{section*.73}% 30
\BOOKMARK [3][-]{section*.80}{\376\377\0004\000c\000\051}{section*.73}% 31
\BOOKMARK [3][-]{section*.83}{\376\377\0004\000d\000\051}{section*.73}% 32
\BOOKMARK [3][-]{section*.86}{\376\377\0004\000e\000\051}{section*.73}% 33
\BOOKMARK [3][-]{section*.89}{\376\377\0004\000f\000\051}{section*.73}% 34
\BOOKMARK [3][-]{section*.92}{\376\377\0004\000g\000\051}{section*.73}% 35
